[debug] [2025-01-13T23:52:31.095Z] ----------------------------------------------------------------------
[debug] [2025-01-13T23:52:31.098Z] Command:       C:\Program Files\nodejs\node.exe C:\Users\HP\AppData\Roaming\npm\node_modules\firebase-tools\lib\bin\firebase.js init
[debug] [2025-01-13T23:52:31.098Z] CLI Version:   13.29.1
[debug] [2025-01-13T23:52:31.099Z] Platform:      win32
[debug] [2025-01-13T23:52:31.099Z] Node Version:  v22.13.0
[debug] [2025-01-13T23:52:31.099Z] Time:          Tue Jan 14 2025 00:52:31 GMT+0100 (közép-európai téli idő)
[debug] [2025-01-13T23:52:31.099Z] ----------------------------------------------------------------------
[debug] 
[debug] [2025-01-13T23:52:31.178Z] > command requires scopes: ["email","openid","https://www.googleapis.com/auth/cloudplatformprojects.readonly","https://www.googleapis.com/auth/firebase","https://www.googleapis.com/auth/cloud-platform"]
[debug] [2025-01-13T23:52:31.178Z] > authorizing via signed-in user (dorina.gazdik@gmail.com)
[info] 
     ######## #### ########  ######## ########     ###     ######  ########
     ##        ##  ##     ## ##       ##     ##  ##   ##  ##       ##
     ######    ##  ########  ######   ########  #########  ######  ######
     ##        ##  ##    ##  ##       ##     ## ##     ##       ## ##
     ##       #### ##     ## ######## ########  ##     ##  ######  ########

You're about to initialize a Firebase project in this directory:

  C:\Users\HP\Downloads\frontprog\dolgozat\product-management

Before we get started, keep in mind:

  * You are initializing within an existing Firebase project directory

[info] 
=== Project Setup
[info] 
[info] First, let's associate this project directory with a Firebase project.
[info] You can create multiple project aliases by running firebase use --add, 
[info] but for now we'll just set up a default project.
[info] 
[debug] [2025-01-13T23:52:41.848Z] Using project from CLI flag: dolgozat-560cb
[debug] [2025-01-13T23:52:41.851Z] Checked if tokens are valid: true, expires at: 1736815180824
[debug] [2025-01-13T23:52:41.851Z] Checked if tokens are valid: true, expires at: 1736815180824
[debug] [2025-01-13T23:52:41.854Z] >>> [apiv2][query] GET https://firebase.googleapis.com/v1beta1/projects/dolgozat-560cb [none]
[debug] [2025-01-13T23:52:42.345Z] <<< [apiv2][status] GET https://firebase.googleapis.com/v1beta1/projects/dolgozat-560cb 200
[debug] [2025-01-13T23:52:42.346Z] <<< [apiv2][body] GET https://firebase.googleapis.com/v1beta1/projects/dolgozat-560cb {"projectId":"dolgozat-560cb","projectNumber":"393301958058","displayName":"dolgozat","name":"projects/dolgozat-560cb","resources":{"hostingSite":"dolgozat-560cb","realtimeDatabaseInstance":"dolgozat-560cb-default-rtdb"},"state":"ACTIVE","etag":"1_e63451cf-961e-4c1a-8c0e-61b11f17db6f"}
[info] i  Using project dolgozat-560cb (dolgozat) 
[info] 
=== Hosting Setup
[debug] [2025-01-13T23:52:42.355Z] Checked if tokens are valid: true, expires at: 1736815180824
[debug] [2025-01-13T23:52:42.355Z] Checked if tokens are valid: true, expires at: 1736815180824
[debug] [2025-01-13T23:52:42.355Z] >>> [apiv2][query] GET https://firebase.googleapis.com/v1beta1/projects/dolgozat-560cb [none]
[debug] [2025-01-13T23:52:42.567Z] <<< [apiv2][status] GET https://firebase.googleapis.com/v1beta1/projects/dolgozat-560cb 200
[debug] [2025-01-13T23:52:42.567Z] <<< [apiv2][body] GET https://firebase.googleapis.com/v1beta1/projects/dolgozat-560cb {"projectId":"dolgozat-560cb","projectNumber":"393301958058","displayName":"dolgozat","name":"projects/dolgozat-560cb","resources":{"hostingSite":"dolgozat-560cb","realtimeDatabaseInstance":"dolgozat-560cb-default-rtdb"},"state":"ACTIVE","etag":"1_e63451cf-961e-4c1a-8c0e-61b11f17db6f"}
[info] 
[info] Your public directory is the folder (relative to your project directory) that
[info] will contain Hosting assets to be uploaded with firebase deploy. If you
[info] have a build process for your assets, use your build's output directory.
[info] 
[debug] [2025-01-13T23:53:12.759Z] >>> [apiv2][query] GET https://www.gstatic.com/firebasejs/releases.json [none]
[debug] [2025-01-13T23:53:12.900Z] <<< [apiv2][status] GET https://www.gstatic.com/firebasejs/releases.json 200
[debug] [2025-01-13T23:53:12.900Z] <<< [apiv2][body] GET https://www.gstatic.com/firebasejs/releases.json {"current":{"version":"11.1.0","browserURL":"https://www.gstatic.com/firebasejs/11.1.0/firebase.js","packageURL":"https://www.gstatic.com/firebasejs/11.1.0/firebase.tgz"},"live":{"version":"11.1","browserURL":"https://www.gstatic.com/firebasejs/live/11.1/firebase.js","packageURL":"https://www.gstatic.com/firebasejs/live/11.1/firebase.tgz"},"components":{"analytics":"https://www.gstatic.com/firebasejs/11.1.0/firebase-analytics.js","app":"https://www.gstatic.com/firebasejs/11.1.0/firebase-app.js","app-check":"https://www.gstatic.com/firebasejs/11.1.0/firebase-app-check.js","auth":"https://www.gstatic.com/firebasejs/11.1.0/firebase-auth.js","auth/cordova":"https://www.gstatic.com/firebasejs/11.1.0/firebase-auth/cordova.js","auth/web-extension":"https://www.gstatic.com/firebasejs/11.1.0/firebase-auth/web-extension.js","functions":"https://www.gstatic.com/firebasejs/11.1.0/firebase-functions.js","firestore":"https://www.gstatic.com/firebasejs/11.1.0/firebase-firestore.js","firestore/lite":"https://www.gstatic.com/firebasejs/11.1.0/firebase-firestore/lite.js","installations":"https://www.gstatic.com/firebasejs/11.1.0/firebase-installations.js","storage":"https://www.gstatic.com/firebasejs/11.1.0/firebase-storage.js","performance":"https://www.gstatic.com/firebasejs/11.1.0/firebase-performance.js","remote-config":"https://www.gstatic.com/firebasejs/11.1.0/firebase-remote-config.js","messaging":"https://www.gstatic.com/firebasejs/11.1.0/firebase-messaging.js","messaging/sw":"https://www.gstatic.com/firebasejs/11.1.0/firebase-messaging/sw.js","database":"https://www.gstatic.com/firebasejs/11.1.0/firebase-database.js","vertexai":"https://www.gstatic.com/firebasejs/11.1.0/firebase-vertexai.js","data-connect":"https://www.gstatic.com/firebasejs/11.1.0/firebase-data-connect.js","firestore.memory":"https://www.gstatic.com/firebasejs/11.1.0/firebase-firestore.memory.js"}}
[info] +  Wrote y/index.html 
[info] 
[info] i  Detected a .git folder at C:\Users\HP\Downloads\frontprog\dolgozat\product-management 
[info] i  Authorizing with GitHub to upload your service account to a GitHub repository's secrets store. 
[info] 
[info] Visit this URL on this device to log in:
[info] https://github.com/login/oauth/authorize?client_id=89cf50f02ac6aaed3484&state=1061749876&redirect_uri=http%3A%2F%2Flocalhost%3A9005&scope=read%3Auser%20repo%20public_repo
[info] 
[info] Waiting for authentication...
[debug] [2025-01-13T23:53:53.114Z] >>> [apiv2][query] POST https://github.com/login/oauth/access_token [none]
[debug] [2025-01-13T23:53:53.114Z] >>> [apiv2][body] POST https://github.com/login/oauth/access_token [stream]
[debug] [2025-01-13T23:53:53.659Z] <<< [apiv2][status] POST https://github.com/login/oauth/access_token 200
[debug] [2025-01-13T23:53:53.659Z] <<< [apiv2][body] POST https://github.com/login/oauth/access_token {"access_token":"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","token_type":"bearer","scope":"read:user,repo"}
[debug] [2025-01-13T23:53:53.676Z] >>> [apiv2][query] GET https://api.github.com/user [none]
[debug] [2025-01-13T23:53:54.027Z] <<< [apiv2][status] GET https://api.github.com/user 200
[debug] [2025-01-13T23:53:54.028Z] <<< [apiv2][body] GET https://api.github.com/user {"login":"Gazdikdorina1230","id":156221666,"node_id":"U_kgDOCU_A4g","avatar_url":"https://avatars.githubusercontent.com/u/156221666?v=4","gravatar_id":"","url":"https://api.github.com/users/Gazdikdorina1230","html_url":"https://github.com/Gazdikdorina1230","followers_url":"https://api.github.com/users/Gazdikdorina1230/followers","following_url":"https://api.github.com/users/Gazdikdorina1230/following{/other_user}","gists_url":"https://api.github.com/users/Gazdikdorina1230/gists{/gist_id}","starred_url":"https://api.github.com/users/Gazdikdorina1230/starred{/owner}{/repo}","subscriptions_url":"https://api.github.com/users/Gazdikdorina1230/subscriptions","organizations_url":"https://api.github.com/users/Gazdikdorina1230/orgs","repos_url":"https://api.github.com/users/Gazdikdorina1230/repos","events_url":"https://api.github.com/users/Gazdikdorina1230/events{/privacy}","received_events_url":"https://api.github.com/users/Gazdikdorina1230/received_events","type":"User","user_view_type":"private","site_admin":false,"name":null,"company":null,"blog":"","location":null,"email":null,"hireable":null,"bio":null,"twitter_username":null,"notification_email":null,"public_repos":16,"public_gists":0,"followers":0,"following":0,"created_at":"2024-01-10T16:15:00Z","updated_at":"2025-01-08T20:50:11Z","private_gists":0,"total_private_repos":0,"owned_private_repos":0,"disk_usage":6707,"collaborators":0,"two_factor_authentication":false,"plan":{"name":"free","space":976562499,"collaborators":0,"private_repos":10000}}
[info] 
[info] +  Success! Logged into GitHub as Gazdikdorina1230 
[info] 
[debug] [2025-01-13T23:56:08.903Z] >>> [apiv2][query] GET https://api.github.com/repos//actions/secrets/public-key type=owner
[debug] [2025-01-13T23:56:09.220Z] <<< [apiv2][status] GET https://api.github.com/repos//actions/secrets/public-key 404
[debug] [2025-01-13T23:56:09.221Z] <<< [apiv2][body] GET https://api.github.com/repos//actions/secrets/public-key {"message":"Not Found","documentation_url":"https://docs.github.com/rest","status":"404"}
[info] 
[info] 
[error] !  The provided authorization cannot be used with this repository. If this repository is in an organization, did you remember to grant access? 
[info] 
[info] i  Action required: Visit this URL to ensure access has been granted to the appropriate organization(s) for the Firebase CLI GitHub OAuth App: 
[info] https://github.com/settings/connections/applications/89cf50f02ac6aaed3484
[info] 
[debug] [2025-01-14T11:12:20.269Z] >>> [apiv2][query] GET https://api.github.com/repos//actions/secrets/public-key type=owner
[debug] [2025-01-14T11:12:20.636Z] <<< [apiv2][status] GET https://api.github.com/repos//actions/secrets/public-key 404
[debug] [2025-01-14T11:12:20.637Z] <<< [apiv2][body] GET https://api.github.com/repos//actions/secrets/public-key {"message":"Not Found","documentation_url":"https://docs.github.com/rest","status":"404"}
[info] 
[info] 
[error] !  The provided authorization cannot be used with this repository. If this repository is in an organization, did you remember to grant access? 
[info] 
[info] i  Action required: Visit this URL to ensure access has been granted to the appropriate organization(s) for the Firebase CLI GitHub OAuth App: 
[info] https://github.com/settings/connections/applications/89cf50f02ac6aaed3484
[info] 
[debug] [2025-01-14T11:12:22.814Z] >>> [apiv2][query] GET https://api.github.com/repos//actions/secrets/public-key type=owner
[debug] [2025-01-14T11:12:22.996Z] <<< [apiv2][status] GET https://api.github.com/repos//actions/secrets/public-key 404
[debug] [2025-01-14T11:12:22.996Z] <<< [apiv2][body] GET https://api.github.com/repos//actions/secrets/public-key {"message":"Not Found","documentation_url":"https://docs.github.com/rest","status":"404"}
[info] 
[info] 
[error] !  The provided authorization cannot be used with this repository. If this repository is in an organization, did you remember to grant access? 
[info] 
[info] i  Action required: Visit this URL to ensure access has been granted to the appropriate organization(s) for the Firebase CLI GitHub OAuth App: 
[info] https://github.com/settings/connections/applications/89cf50f02ac6aaed3484
[info] 
[debug] [2025-01-14T11:12:24.872Z] >>> [apiv2][query] GET https://api.github.com/repos//actions/secrets/public-key type=owner
[debug] [2025-01-14T11:12:25.071Z] <<< [apiv2][status] GET https://api.github.com/repos//actions/secrets/public-key 404
[debug] [2025-01-14T11:12:25.071Z] <<< [apiv2][body] GET https://api.github.com/repos//actions/secrets/public-key {"message":"Not Found","documentation_url":"https://docs.github.com/rest","status":"404"}
[info] 
[info] 
[error] !  The provided authorization cannot be used with this repository. If this repository is in an organization, did you remember to grant access? 
[info] 
[info] i  Action required: Visit this URL to ensure access has been granted to the appropriate organization(s) for the Firebase CLI GitHub OAuth App: 
[info] https://github.com/settings/connections/applications/89cf50f02ac6aaed3484
[info] 
